{"meta": {"format": 3, "version": "7.10.6", "timestamp": "2025-10-09T13:33:54.711246", "branch_coverage": true, "show_contexts": false}, "files": {"src\\__init__.py": {"executed_lines": [], "summary": {"covered_lines": 0, "num_statements": 0, "percent_covered": 100.0, "percent_covered_display": "100", "missing_lines": 0, "excluded_lines": 0, "num_branches": 0, "num_partial_branches": 0, "covered_branches": 0, "missing_branches": 0}, "missing_lines": [], "excluded_lines": [], "executed_branches": [], "missing_branches": [], "functions": {"": {"executed_lines": [], "summary": {"covered_lines": 0, "num_statements": 0, "percent_covered": 100.0, "percent_covered_display": "100", "missing_lines": 0, "excluded_lines": 0, "num_branches": 0, "num_partial_branches": 0, "covered_branches": 0, "missing_branches": 0}, "missing_lines": [], "excluded_lines": [], "executed_branches": [], "missing_branches": []}}, "classes": {"": {"executed_lines": [], "summary": {"covered_lines": 0, "num_statements": 0, "percent_covered": 100.0, "percent_covered_display": "100", "missing_lines": 0, "excluded_lines": 0, "num_branches": 0, "num_partial_branches": 0, "covered_branches": 0, "missing_branches": 0}, "missing_lines": [], "excluded_lines": [], "executed_branches": [], "missing_branches": []}}}, "src\\bat.py": {"executed_lines": [1, 8, 9, 12, 13, 17, 18, 26, 27, 28, 29, 30], "summary": {"covered_lines": 10, "num_statements": 10, "percent_covered": 100.0, "percent_covered_display": "100", "missing_lines": 0, "excluded_lines": 0, "num_branches": 2, "num_partial_branches": 0, "covered_branches": 2, "missing_branches": 0}, "missing_lines": [], "excluded_lines": [], "executed_branches": [[28, 29], [28, 30]], "missing_branches": [], "functions": {"Bat.run": {"executed_lines": [26, 27, 28, 29, 30], "summary": {"covered_lines": 5, "num_statements": 5, "percent_covered": 100.0, "percent_covered_display": "100", "missing_lines": 0, "excluded_lines": 0, "num_branches": 2, "num_partial_branches": 0, "covered_branches": 2, "missing_branches": 0}, "missing_lines": [], "excluded_lines": [], "executed_branches": [[28, 29], [28, 30]], "missing_branches": []}, "": {"executed_lines": [1, 8, 9, 12, 13, 17, 18], "summary": {"covered_lines": 5, "num_statements": 5, "percent_covered": 100.0, "percent_covered_display": "100", "missing_lines": 0, "excluded_lines": 0, "num_branches": 0, "num_partial_branches": 0, "covered_branches": 0, "missing_branches": 0}, "missing_lines": [], "excluded_lines": [], "executed_branches": [], "missing_branches": []}}, "classes": {"Bat": {"executed_lines": [26, 27, 28, 29, 30], "summary": {"covered_lines": 5, "num_statements": 5, "percent_covered": 100.0, "percent_covered_display": "100", "missing_lines": 0, "excluded_lines": 0, "num_branches": 2, "num_partial_branches": 0, "covered_branches": 2, "missing_branches": 0}, "missing_lines": [], "excluded_lines": [], "executed_branches": [[28, 29], [28, 30]], "missing_branches": []}, "": {"executed_lines": [1, 8, 9, 12, 13, 17, 18], "summary": {"covered_lines": 5, "num_statements": 5, "percent_covered": 100.0, "percent_covered_display": "100", "missing_lines": 0, "excluded_lines": 0, "num_branches": 0, "num_partial_branches": 0, "covered_branches": 0, "missing_branches": 0}, "missing_lines": [], "excluded_lines": [], "executed_branches": [], "missing_branches": []}}}, "src\\bat_ui.py": {"executed_lines": [2, 9, 10, 11, 13, 14, 18, 27, 28, 30, 39, 48, 50, 54, 56, 64, 77, 79, 87, 89, 105, 111, 112, 114, 115, 117, 118, 119, 120, 121, 122, 123, 126, 127, 131, 134, 135, 136, 138, 140, 141, 143, 158, 163, 164, 165, 167, 169, 170, 184, 186, 192, 202, 204, 206, 207, 208, 211, 212, 213, 216, 217, 219, 220, 222, 223, 224, 226, 228, 235, 241, 242, 244, 246, 248, 258, 263, 266, 267, 268, 269, 271, 274, 275, 277, 279, 281, 286, 287, 288, 289], "summary": {"covered_lines": 89, "num_statements": 100, "percent_covered": 86.71875, "percent_covered_display": "87", "missing_lines": 11, "excluded_lines": 0, "num_branches": 28, "num_partial_branches": 2, "covered_branches": 22, "missing_branches": 6}, "missing_lines": [172, 173, 174, 175, 176, 178, 179, 180, 181, 182, 183], "excluded_lines": [], "executed_branches": [[114, 115], [114, 117], [119, 120], [119, 140], [126, 127], [126, 131], [135, 136], [135, 138], [169, 170], [206, 207], [206, 211], [211, 212], [211, 216], [216, 217], [219, 220], [219, 222], [223, 224], [223, 226], [268, 269], [268, 271], [274, 275], [274, 277]], "missing_branches": [[169, 172], [174, 175], [174, 178], [179, 180], [179, 182], [216, 219]], "functions": {"BatUI.__init__": {"executed_lines": [27, 28], "summary": {"covered_lines": 2, "num_statements": 2, "percent_covered": 100.0, "percent_covered_display": "100", "missing_lines": 0, "excluded_lines": 0, "num_branches": 0, "num_partial_branches": 0, "covered_branches": 0, "missing_branches": 0}, "missing_lines": [], "excluded_lines": [], "executed_branches": [], "missing_branches": []}, "BatUI.get_current_screen": {"executed_lines": [39, 48], "summary": {"covered_lines": 2, "num_statements": 2, "percent_covered": 100.0, "percent_covered_display": "100", "missing_lines": 0, "excluded_lines": 0, "num_branches": 0, "num_partial_branches": 0, "covered_branches": 0, "missing_branches": 0}, "missing_lines": [], "excluded_lines": [], "executed_branches": [], "missing_branches": []}, "BatUI.run_current_screen": {"executed_lines": [54], "summary": {"covered_lines": 1, "num_statements": 1, "percent_covered": 100.0, "percent_covered_display": "100", "missing_lines": 0, "excluded_lines": 0, "num_branches": 0, "num_partial_branches": 0, "covered_branches": 0, "missing_branches": 0}, "missing_lines": [], "excluded_lines": [], "executed_branches": [], "missing_branches": []}, "BatUI._main_menu": {"executed_lines": [64, 77, 79, 87], "summary": {"covered_lines": 4, "num_statements": 4, "percent_covered": 100.0, "percent_covered_display": "100", "missing_lines": 0, "excluded_lines": 0, "num_branches": 0, "num_partial_branches": 0, "covered_branches": 0, "missing_branches": 0}, "missing_lines": [], "excluded_lines": [], "executed_branches": [], "missing_branches": []}, "BatUI._loan_item": {"executed_lines": [105, 111, 112, 114, 115, 117, 118, 119, 120, 121, 122, 123, 126, 127, 131, 134, 135, 136, 138, 140, 141], "summary": {"covered_lines": 21, "num_statements": 21, "percent_covered": 100.0, "percent_covered_display": "100", "missing_lines": 0, "excluded_lines": 0, "num_branches": 8, "num_partial_branches": 0, "covered_branches": 8, "missing_branches": 0}, "missing_lines": [], "excluded_lines": [], "executed_branches": [[114, 115], [114, 117], [119, 120], [119, 140], [126, 127], [126, 131], [135, 136], [135, 138]], "missing_branches": []}, "BatUI._return_item": {"executed_lines": [158, 163, 164, 165, 167, 169, 170, 184], "summary": {"covered_lines": 8, "num_statements": 19, "percent_covered": 36.0, "percent_covered_display": "36", "missing_lines": 11, "excluded_lines": 0, "num_branches": 6, "num_partial_branches": 1, "covered_branches": 1, "missing_branches": 5}, "missing_lines": [172, 173, 174, 175, 176, 178, 179, 180, 181, 182, 183], "excluded_lines": [], "executed_branches": [[169, 170]], "missing_branches": [[169, 172], [174, 175], [174, 178], [179, 180], [179, 182]]}, "BatUI._search_for_patron": {"executed_lines": [192, 202, 204, 206, 207, 208, 211, 212, 213, 216, 217, 219, 220, 222, 223, 224, 226], "summary": {"covered_lines": 17, "num_statements": 17, "percent_covered": 96.29629629629629, "percent_covered_display": "96", "missing_lines": 0, "excluded_lines": 0, "num_branches": 10, "num_partial_branches": 1, "covered_branches": 9, "missing_branches": 1}, "missing_lines": [], "excluded_lines": [], "executed_branches": [[206, 207], [206, 211], [211, 212], [211, 216], [216, 217], [219, 220], [219, 222], [223, 224], [223, 226]], "missing_branches": [[216, 219]]}, "BatUI._register_patron": {"executed_lines": [235, 241, 242, 244, 246], "summary": {"covered_lines": 5, "num_statements": 5, "percent_covered": 100.0, "percent_covered_display": "100", "missing_lines": 0, "excluded_lines": 0, "num_branches": 0, "num_partial_branches": 0, "covered_branches": 0, "missing_branches": 0}, "missing_lines": [], "excluded_lines": [], "executed_branches": [], "missing_branches": []}, "BatUI._access_makerspace": {"executed_lines": [258, 263, 266, 267, 268, 269, 271, 274, 275, 277, 279], "summary": {"covered_lines": 11, "num_statements": 11, "percent_covered": 100.0, "percent_covered_display": "100", "missing_lines": 0, "excluded_lines": 0, "num_branches": 4, "num_partial_branches": 0, "covered_branches": 4, "missing_branches": 0}, "missing_lines": [], "excluded_lines": [], "executed_branches": [[268, 269], [268, 271], [274, 275], [274, 277]], "missing_branches": []}, "BatUI._quit": {"executed_lines": [286, 287, 288, 289], "summary": {"covered_lines": 4, "num_statements": 4, "percent_covered": 100.0, "percent_covered_display": "100", "missing_lines": 0, "excluded_lines": 0, "num_branches": 0, "num_partial_branches": 0, "covered_branches": 0, "missing_branches": 0}, "missing_lines": [], "excluded_lines": [], "executed_branches": [], "missing_branches": []}, "": {"executed_lines": [2, 9, 10, 11, 13, 14, 18, 30, 50, 56, 89, 143, 186, 228, 248, 281], "summary": {"covered_lines": 14, "num_statements": 14, "percent_covered": 100.0, "percent_covered_display": "100", "missing_lines": 0, "excluded_lines": 0, "num_branches": 0, "num_partial_branches": 0, "covered_branches": 0, "missing_branches": 0}, "missing_lines": [], "excluded_lines": [], "executed_branches": [], "missing_branches": []}}, "classes": {"BatUI": {"executed_lines": [27, 28, 39, 48, 54, 64, 77, 79, 87, 105, 111, 112, 114, 115, 117, 118, 119, 120, 121, 122, 123, 126, 127, 131, 134, 135, 136, 138, 140, 141, 158, 163, 164, 165, 167, 169, 170, 184, 192, 202, 204, 206, 207, 208, 211, 212, 213, 216, 217, 219, 220, 222, 223, 224, 226, 235, 241, 242, 244, 246, 258, 263, 266, 267, 268, 269, 271, 274, 275, 277, 279, 286, 287, 288, 289], "summary": {"covered_lines": 75, "num_statements": 86, "percent_covered": 85.08771929824562, "percent_covered_display": "85", "missing_lines": 11, "excluded_lines": 0, "num_branches": 28, "num_partial_branches": 2, "covered_branches": 22, "missing_branches": 6}, "missing_lines": [172, 173, 174, 175, 176, 178, 179, 180, 181, 182, 183], "excluded_lines": [], "executed_branches": [[114, 115], [114, 117], [119, 120], [119, 140], [126, 127], [126, 131], [135, 136], [135, 138], [169, 170], [206, 207], [206, 211], [211, 212], [211, 216], [216, 217], [219, 220], [219, 222], [223, 224], [223, 226], [268, 269], [268, 271], [274, 275], [274, 277]], "missing_branches": [[169, 172], [174, 175], [174, 178], [179, 180], [179, 182], [216, 219]]}, "": {"executed_lines": [2, 9, 10, 11, 13, 14, 18, 30, 50, 56, 89, 143, 186, 228, 248, 281], "summary": {"covered_lines": 14, "num_statements": 14, "percent_covered": 100.0, "percent_covered_display": "100", "missing_lines": 0, "excluded_lines": 0, "num_branches": 0, "num_partial_branches": 0, "covered_branches": 0, "missing_branches": 0}, "missing_lines": [], "excluded_lines": [], "executed_branches": [], "missing_branches": []}}}, "src\\borrowable_item.py": {"executed_lines": [1, 8, 9, 20, 31, 44], "summary": {"covered_lines": 4, "num_statements": 20, "percent_covered": 20.0, "percent_covered_display": "20", "missing_lines": 16, "excluded_lines": 0, "num_branches": 0, "num_partial_branches": 0, "covered_branches": 0, "missing_branches": 0}, "missing_lines": [24, 25, 26, 27, 28, 29, 37, 38, 39, 40, 41, 42, 48, 49, 50, 51], "excluded_lines": [], "executed_branches": [], "missing_branches": [], "functions": {"BorrowableItem.__init__": {"executed_lines": [], "summary": {"covered_lines": 0, "num_statements": 6, "percent_covered": 0.0, "percent_covered_display": "0", "missing_lines": 6, "excluded_lines": 0, "num_branches": 0, "num_partial_branches": 0, "covered_branches": 0, "missing_branches": 0}, "missing_lines": [24, 25, 26, 27, 28, 29], "excluded_lines": [], "executed_branches": [], "missing_branches": []}, "BorrowableItem.load_data": {"executed_lines": [], "summary": {"covered_lines": 0, "num_statements": 6, "percent_covered": 0.0, "percent_covered_display": "0", "missing_lines": 6, "excluded_lines": 0, "num_branches": 0, "num_partial_branches": 0, "covered_branches": 0, "missing_branches": 0}, "missing_lines": [37, 38, 39, 40, 41, 42], "excluded_lines": [], "executed_branches": [], "missing_branches": []}, "BorrowableItem.__str__": {"executed_lines": [], "summary": {"covered_lines": 0, "num_statements": 4, "percent_covered": 0.0, "percent_covered_display": "0", "missing_lines": 4, "excluded_lines": 0, "num_branches": 0, "num_partial_branches": 0, "covered_branches": 0, "missing_branches": 0}, "missing_lines": [48, 49, 50, 51], "excluded_lines": [], "executed_branches": [], "missing_branches": []}, "": {"executed_lines": [1, 8, 9, 20, 31, 44], "summary": {"covered_lines": 4, "num_statements": 4, "percent_covered": 100.0, "percent_covered_display": "100", "missing_lines": 0, "excluded_lines": 0, "num_branches": 0, "num_partial_branches": 0, "covered_branches": 0, "missing_branches": 0}, "missing_lines": [], "excluded_lines": [], "executed_branches": [], "missing_branches": []}}, "classes": {"BorrowableItem": {"executed_lines": [], "summary": {"covered_lines": 0, "num_statements": 16, "percent_covered": 0.0, "percent_covered_display": "0", "missing_lines": 16, "excluded_lines": 0, "num_branches": 0, "num_partial_branches": 0, "covered_branches": 0, "missing_branches": 0}, "missing_lines": [24, 25, 26, 27, 28, 29, 37, 38, 39, 40, 41, 42, 48, 49, 50, 51], "excluded_lines": [], "executed_branches": [], "missing_branches": []}, "": {"executed_lines": [1, 8, 9, 20, 31, 44], "summary": {"covered_lines": 4, "num_statements": 4, "percent_covered": 100.0, "percent_covered_display": "100", "missing_lines": 0, "excluded_lines": 0, "num_branches": 0, "num_partial_branches": 0, "covered_branches": 0, "missing_branches": 0}, "missing_lines": [], "excluded_lines": [], "executed_branches": [], "missing_branches": []}}}, "src\\business_logic.py": {"executed_lines": [2, 9, 10, 12, 25, 26, 27, 28, 29, 30, 31, 33, 57, 58, 61, 62, 65, 66, 72, 88, 89, 91, 92, 94, 95, 97, 100, 119, 120, 121, 122, 123, 125, 127, 147, 148, 150, 151, 153, 154, 156, 159, 174, 176, 177, 179, 180, 181, 182, 184, 185, 187, 188, 189, 191, 204, 205, 206, 207, 208, 209, 210, 211, 212, 213, 216, 229, 242, 244, 252], "summary": {"covered_lines": 69, "num_statements": 79, "percent_covered": 88.4297520661157, "percent_covered_display": "88", "missing_lines": 10, "excluded_lines": 0, "num_branches": 42, "num_partial_branches": 4, "covered_branches": 38, "missing_branches": 4}, "missing_lines": [69, 124, 214, 225, 226, 227, 248, 249, 250, 251], "excluded_lines": [], "executed_branches": [[25, 26], [25, 27], [27, 28], [27, 29], [29, 30], [29, 31], [57, 58], [57, 61], [61, 62], [61, 65], [65, 66], [88, 89], [88, 91], [94, 95], [94, 97], [121, 122], [121, 123], [123, 125], [150, 151], [150, 153], [153, 154], [153, 156], [179, 180], [179, 181], [181, 182], [181, 184], [187, 188], [187, 189], [204, 205], [204, 206], [206, 207], [206, 208], [208, 209], [208, 210], [210, 211], [210, 212], [212, 213], [244, 252]], "missing_branches": [[65, 69], [123, 124], [212, 214], [244, 248]], "functions": {"type_of_patron": {"executed_lines": [25, 26, 27, 28, 29, 30, 31], "summary": {"covered_lines": 7, "num_statements": 7, "percent_covered": 100.0, "percent_covered_display": "100", "missing_lines": 0, "excluded_lines": 0, "num_branches": 6, "num_partial_branches": 0, "covered_branches": 6, "missing_branches": 0}, "missing_lines": [], "excluded_lines": [], "executed_branches": [[25, 26], [25, 27], [27, 28], [27, 29], [29, 30], [29, 31]], "missing_branches": []}, "can_borrow": {"executed_lines": [57, 58, 61, 62, 65, 66], "summary": {"covered_lines": 6, "num_statements": 7, "percent_covered": 84.61538461538461, "percent_covered_display": "85", "missing_lines": 1, "excluded_lines": 0, "num_branches": 6, "num_partial_branches": 1, "covered_branches": 5, "missing_branches": 1}, "missing_lines": [69], "excluded_lines": [], "executed_branches": [[57, 58], [57, 61], [61, 62], [61, 65], [65, 66]], "missing_branches": [[65, 69]]}, "can_borrow_book": {"executed_lines": [88, 89, 91, 92, 94, 95, 97], "summary": {"covered_lines": 7, "num_statements": 7, "percent_covered": 100.0, "percent_covered_display": "100", "missing_lines": 0, "excluded_lines": 0, "num_branches": 4, "num_partial_branches": 0, "covered_branches": 4, "missing_branches": 0}, "missing_lines": [], "excluded_lines": [], "executed_branches": [[88, 89], [88, 91], [94, 95], [94, 97]], "missing_branches": []}, "can_borrow_gardening_tool": {"executed_lines": [119, 120, 121, 122, 123, 125], "summary": {"covered_lines": 6, "num_statements": 7, "percent_covered": 81.81818181818181, "percent_covered_display": "82", "missing_lines": 1, "excluded_lines": 0, "num_branches": 4, "num_partial_branches": 1, "covered_branches": 3, "missing_branches": 1}, "missing_lines": [124], "excluded_lines": [], "executed_branches": [[121, 122], [121, 123], [123, 125]], "missing_branches": [[123, 124]]}, "can_borrow_carpentry_tool": {"executed_lines": [147, 148, 150, 151, 153, 154, 156], "summary": {"covered_lines": 7, "num_statements": 7, "percent_covered": 100.0, "percent_covered_display": "100", "missing_lines": 0, "excluded_lines": 0, "num_branches": 4, "num_partial_branches": 0, "covered_branches": 4, "missing_branches": 0}, "missing_lines": [], "excluded_lines": [], "executed_branches": [[150, 151], [150, 153], [153, 154], [153, 156]], "missing_branches": []}, "can_use_makerspace": {"executed_lines": [174, 176, 177, 179, 180, 181, 182, 184, 185, 187, 188, 189], "summary": {"covered_lines": 12, "num_statements": 12, "percent_covered": 100.0, "percent_covered_display": "100", "missing_lines": 0, "excluded_lines": 0, "num_branches": 6, "num_partial_branches": 0, "covered_branches": 6, "missing_branches": 0}, "missing_lines": [], "excluded_lines": [], "executed_branches": [[179, 180], [179, 181], [181, 182], [181, 184], [187, 188], [187, 189]], "missing_branches": []}, "calculate_discount": {"executed_lines": [204, 205, 206, 207, 208, 209, 210, 211, 212, 213], "summary": {"covered_lines": 10, "num_statements": 11, "percent_covered": 90.47619047619048, "percent_covered_display": "90", "missing_lines": 1, "excluded_lines": 0, "num_branches": 10, "num_partial_branches": 1, "covered_branches": 9, "missing_branches": 1}, "missing_lines": [214], "excluded_lines": [], "executed_branches": [[204, 205], [204, 206], [206, 207], [206, 208], [208, 209], [208, 210], [210, 211], [210, 212], [212, 213]], "missing_branches": [[212, 214]]}, "process_return": {"executed_lines": [], "summary": {"covered_lines": 0, "num_statements": 3, "percent_covered": 0.0, "percent_covered_display": "0", "missing_lines": 3, "excluded_lines": 0, "num_branches": 0, "num_partial_branches": 0, "covered_branches": 0, "missing_branches": 0}, "missing_lines": [225, 226, 227], "excluded_lines": [], "executed_branches": [], "missing_branches": []}, "process_loan": {"executed_lines": [242, 244, 252], "summary": {"covered_lines": 3, "num_statements": 7, "percent_covered": 44.44444444444444, "percent_covered_display": "44", "missing_lines": 4, "excluded_lines": 0, "num_branches": 2, "num_partial_branches": 1, "covered_branches": 1, "missing_branches": 1}, "missing_lines": [248, 249, 250, 251], "excluded_lines": [], "executed_branches": [[244, 252]], "missing_branches": [[244, 248]]}, "": {"executed_lines": [2, 9, 10, 12, 33, 72, 100, 127, 159, 191, 216, 229], "summary": {"covered_lines": 11, "num_statements": 11, "percent_covered": 100.0, "percent_covered_display": "100", "missing_lines": 0, "excluded_lines": 0, "num_branches": 0, "num_partial_branches": 0, "covered_branches": 0, "missing_branches": 0}, "missing_lines": [], "excluded_lines": [], "executed_branches": [], "missing_branches": []}}, "classes": {"": {"executed_lines": [2, 9, 10, 12, 25, 26, 27, 28, 29, 30, 31, 33, 57, 58, 61, 62, 65, 66, 72, 88, 89, 91, 92, 94, 95, 97, 100, 119, 120, 121, 122, 123, 125, 127, 147, 148, 150, 151, 153, 154, 156, 159, 174, 176, 177, 179, 180, 181, 182, 184, 185, 187, 188, 189, 191, 204, 205, 206, 207, 208, 209, 210, 211, 212, 213, 216, 229, 242, 244, 252], "summary": {"covered_lines": 69, "num_statements": 79, "percent_covered": 88.4297520661157, "percent_covered_display": "88", "missing_lines": 10, "excluded_lines": 0, "num_branches": 42, "num_partial_branches": 4, "covered_branches": 38, "missing_branches": 4}, "missing_lines": [69, 124, 214, 225, 226, 227, 248, 249, 250, 251], "excluded_lines": [], "executed_branches": [[25, 26], [25, 27], [27, 28], [27, 29], [29, 30], [29, 31], [57, 58], [57, 61], [61, 62], [61, 65], [65, 66], [88, 89], [88, 91], [94, 95], [94, 97], [121, 122], [121, 123], [123, 125], [150, 151], [150, 153], [153, 154], [153, 156], [179, 180], [179, 181], [181, 182], [181, 184], [187, 188], [187, 189], [204, 205], [204, 206], [206, 207], [206, 208], [208, 209], [208, 210], [210, 211], [210, 212], [212, 213], [244, 252]], "missing_branches": [[65, 69], [123, 124], [212, 214], [244, 248]]}}}, "src\\config.py": {"executed_lines": [1, 8, 9], "summary": {"covered_lines": 2, "num_statements": 2, "percent_covered": 100.0, "percent_covered_display": "100", "missing_lines": 0, "excluded_lines": 0, "num_branches": 0, "num_partial_branches": 0, "covered_branches": 0, "missing_branches": 0}, "missing_lines": [], "excluded_lines": [], "executed_branches": [], "missing_branches": [], "functions": {"": {"executed_lines": [1, 8, 9], "summary": {"covered_lines": 2, "num_statements": 2, "percent_covered": 100.0, "percent_covered_display": "100", "missing_lines": 0, "excluded_lines": 0, "num_branches": 0, "num_partial_branches": 0, "covered_branches": 0, "missing_branches": 0}, "missing_lines": [], "excluded_lines": [], "executed_branches": [], "missing_branches": []}}, "classes": {"": {"executed_lines": [1, 8, 9], "summary": {"covered_lines": 2, "num_statements": 2, "percent_covered": 100.0, "percent_covered_display": "100", "missing_lines": 0, "excluded_lines": 0, "num_branches": 0, "num_partial_branches": 0, "covered_branches": 0, "missing_branches": 0}, "missing_lines": [], "excluded_lines": [], "executed_branches": [], "missing_branches": []}}}, "src\\data_mgmt.py": {"executed_lines": [2, 9, 10, 12, 13, 14, 16, 17, 20, 30, 48, 69, 82, 103, 116, 117, 121, 137, 138, 142], "summary": {"covered_lines": 16, "num_statements": 68, "percent_covered": 19.047619047619047, "percent_covered_display": "19", "missing_lines": 52, "excluded_lines": 0, "num_branches": 16, "num_partial_branches": 0, "covered_branches": 0, "missing_branches": 16}, "missing_lines": [25, 26, 27, 28, 41, 43, 44, 46, 54, 55, 56, 58, 59, 60, 61, 62, 64, 65, 66, 67, 74, 75, 76, 77, 78, 79, 80, 88, 89, 90, 92, 93, 94, 95, 96, 98, 99, 100, 101, 108, 109, 110, 111, 112, 113, 114, 122, 123, 135, 143, 144, 152], "excluded_lines": [], "executed_branches": [], "missing_branches": [[59, 60], [59, 64], [76, 77], [76, 80], [78, 76], [78, 79], [93, 94], [93, 98], [110, 111], [110, 114], [112, 110], [112, 113], [122, 123], [122, 135], [143, 144], [143, 152]], "functions": {"DataManager.__init__": {"executed_lines": [], "summary": {"covered_lines": 0, "num_statements": 4, "percent_covered": 0.0, "percent_covered_display": "0", "missing_lines": 4, "excluded_lines": 0, "num_branches": 0, "num_partial_branches": 0, "covered_branches": 0, "missing_branches": 0}, "missing_lines": [25, 26, 27, 28], "excluded_lines": [], "executed_branches": [], "missing_branches": []}, "DataManager.register_patron": {"executed_lines": [], "summary": {"covered_lines": 0, "num_statements": 4, "percent_covered": 0.0, "percent_covered_display": "0", "missing_lines": 4, "excluded_lines": 0, "num_branches": 0, "num_partial_branches": 0, "covered_branches": 0, "missing_branches": 0}, "missing_lines": [41, 43, 44, 46], "excluded_lines": [], "executed_branches": [], "missing_branches": []}, "DataManager.load_patrons": {"executed_lines": [], "summary": {"covered_lines": 0, "num_statements": 12, "percent_covered": 0.0, "percent_covered_display": "0", "missing_lines": 12, "excluded_lines": 0, "num_branches": 2, "num_partial_branches": 0, "covered_branches": 0, "missing_branches": 2}, "missing_lines": [54, 55, 56, 58, 59, 60, 61, 62, 64, 65, 66, 67], "excluded_lines": [], "executed_branches": [], "missing_branches": [[59, 60], [59, 64]]}, "DataManager.save_patrons": {"executed_lines": [], "summary": {"covered_lines": 0, "num_statements": 7, "percent_covered": 0.0, "percent_covered_display": "0", "missing_lines": 7, "excluded_lines": 0, "num_branches": 4, "num_partial_branches": 0, "covered_branches": 0, "missing_branches": 4}, "missing_lines": [74, 75, 76, 77, 78, 79, 80], "excluded_lines": [], "executed_branches": [], "missing_branches": [[76, 77], [76, 80], [78, 76], [78, 79]]}, "DataManager.load_catalogue": {"executed_lines": [], "summary": {"covered_lines": 0, "num_statements": 12, "percent_covered": 0.0, "percent_covered_display": "0", "missing_lines": 12, "excluded_lines": 0, "num_branches": 2, "num_partial_branches": 0, "covered_branches": 0, "missing_branches": 2}, "missing_lines": [88, 89, 90, 92, 93, 94, 95, 96, 98, 99, 100, 101], "excluded_lines": [], "executed_branches": [], "missing_branches": [[93, 94], [93, 98]]}, "DataManager.save_catalogue": {"executed_lines": [], "summary": {"covered_lines": 0, "num_statements": 7, "percent_covered": 0.0, "percent_covered_display": "0", "missing_lines": 7, "excluded_lines": 0, "num_branches": 4, "num_partial_branches": 0, "covered_branches": 0, "missing_branches": 4}, "missing_lines": [108, 109, 110, 111, 112, 113, 114], "excluded_lines": [], "executed_branches": [], "missing_branches": [[110, 111], [110, 114], [112, 110], [112, 113]]}, "DataManager.PatronEncoder.default": {"executed_lines": [], "summary": {"covered_lines": 0, "num_statements": 3, "percent_covered": 0.0, "percent_covered_display": "0", "missing_lines": 3, "excluded_lines": 0, "num_branches": 2, "num_partial_branches": 0, "covered_branches": 0, "missing_branches": 2}, "missing_lines": [122, 123, 135], "excluded_lines": [], "executed_branches": [], "missing_branches": [[122, 123], [122, 135]]}, "DataManager.BorrowableItemEncoder.default": {"executed_lines": [], "summary": {"covered_lines": 0, "num_statements": 3, "percent_covered": 0.0, "percent_covered_display": "0", "missing_lines": 3, "excluded_lines": 0, "num_branches": 2, "num_partial_branches": 0, "covered_branches": 0, "missing_branches": 2}, "missing_lines": [143, 144, 152], "excluded_lines": [], "executed_branches": [], "missing_branches": [[143, 144], [143, 152]]}, "": {"executed_lines": [2, 9, 10, 12, 13, 14, 16, 17, 20, 30, 48, 69, 82, 103, 116, 117, 121, 137, 138, 142], "summary": {"covered_lines": 16, "num_statements": 16, "percent_covered": 100.0, "percent_covered_display": "100", "missing_lines": 0, "excluded_lines": 0, "num_branches": 0, "num_partial_branches": 0, "covered_branches": 0, "missing_branches": 0}, "missing_lines": [], "excluded_lines": [], "executed_branches": [], "missing_branches": []}}, "classes": {"DataManager": {"executed_lines": [], "summary": {"covered_lines": 0, "num_statements": 46, "percent_covered": 0.0, "percent_covered_display": "0", "missing_lines": 46, "excluded_lines": 0, "num_branches": 12, "num_partial_branches": 0, "covered_branches": 0, "missing_branches": 12}, "missing_lines": [25, 26, 27, 28, 41, 43, 44, 46, 54, 55, 56, 58, 59, 60, 61, 62, 64, 65, 66, 67, 74, 75, 76, 77, 78, 79, 80, 88, 89, 90, 92, 93, 94, 95, 96, 98, 99, 100, 101, 108, 109, 110, 111, 112, 113, 114], "excluded_lines": [], "executed_branches": [], "missing_branches": [[59, 60], [59, 64], [76, 77], [76, 80], [78, 76], [78, 79], [93, 94], [93, 98], [110, 111], [110, 114], [112, 110], [112, 113]]}, "DataManager.PatronEncoder": {"executed_lines": [], "summary": {"covered_lines": 0, "num_statements": 3, "percent_covered": 0.0, "percent_covered_display": "0", "missing_lines": 3, "excluded_lines": 0, "num_branches": 2, "num_partial_branches": 0, "covered_branches": 0, "missing_branches": 2}, "missing_lines": [122, 123, 135], "excluded_lines": [], "executed_branches": [], "missing_branches": [[122, 123], [122, 135]]}, "DataManager.BorrowableItemEncoder": {"executed_lines": [], "summary": {"covered_lines": 0, "num_statements": 3, "percent_covered": 0.0, "percent_covered_display": "0", "missing_lines": 3, "excluded_lines": 0, "num_branches": 2, "num_partial_branches": 0, "covered_branches": 0, "missing_branches": 2}, "missing_lines": [143, 144, 152], "excluded_lines": [], "executed_branches": [], "missing_branches": [[143, 144], [143, 152]]}, "": {"executed_lines": [2, 9, 10, 12, 13, 14, 16, 17, 20, 30, 48, 69, 82, 103, 116, 117, 121, 137, 138, 142], "summary": {"covered_lines": 16, "num_statements": 16, "percent_covered": 100.0, "percent_covered_display": "100", "missing_lines": 0, "excluded_lines": 0, "num_branches": 0, "num_partial_branches": 0, "covered_branches": 0, "missing_branches": 0}, "missing_lines": [], "excluded_lines": [], "executed_branches": [], "missing_branches": []}}}, "src\\loan.py": {"executed_lines": [2, 9, 10, 17, 25, 26, 28, 32], "summary": {"covered_lines": 6, "num_statements": 6, "percent_covered": 100.0, "percent_covered_display": "100", "missing_lines": 0, "excluded_lines": 0, "num_branches": 0, "num_partial_branches": 0, "covered_branches": 0, "missing_branches": 0}, "missing_lines": [], "excluded_lines": [], "executed_branches": [], "missing_branches": [], "functions": {"Loan.__init__": {"executed_lines": [25, 26], "summary": {"covered_lines": 2, "num_statements": 2, "percent_covered": 100.0, "percent_covered_display": "100", "missing_lines": 0, "excluded_lines": 0, "num_branches": 0, "num_partial_branches": 0, "covered_branches": 0, "missing_branches": 0}, "missing_lines": [], "excluded_lines": [], "executed_branches": [], "missing_branches": []}, "Loan.__str__": {"executed_lines": [32], "summary": {"covered_lines": 1, "num_statements": 1, "percent_covered": 100.0, "percent_covered_display": "100", "missing_lines": 0, "excluded_lines": 0, "num_branches": 0, "num_partial_branches": 0, "covered_branches": 0, "missing_branches": 0}, "missing_lines": [], "excluded_lines": [], "executed_branches": [], "missing_branches": []}, "": {"executed_lines": [2, 9, 10, 17, 28], "summary": {"covered_lines": 3, "num_statements": 3, "percent_covered": 100.0, "percent_covered_display": "100", "missing_lines": 0, "excluded_lines": 0, "num_branches": 0, "num_partial_branches": 0, "covered_branches": 0, "missing_branches": 0}, "missing_lines": [], "excluded_lines": [], "executed_branches": [], "missing_branches": []}}, "classes": {"Loan": {"executed_lines": [25, 26, 32], "summary": {"covered_lines": 3, "num_statements": 3, "percent_covered": 100.0, "percent_covered_display": "100", "missing_lines": 0, "excluded_lines": 0, "num_branches": 0, "num_partial_branches": 0, "covered_branches": 0, "missing_branches": 0}, "missing_lines": [], "excluded_lines": [], "executed_branches": [], "missing_branches": []}, "": {"executed_lines": [2, 9, 10, 17, 28], "summary": {"covered_lines": 3, "num_statements": 3, "percent_covered": 100.0, "percent_covered_display": "100", "missing_lines": 0, "excluded_lines": 0, "num_branches": 0, "num_partial_branches": 0, "covered_branches": 0, "missing_branches": 0}, "missing_lines": [], "excluded_lines": [], "executed_branches": [], "missing_branches": []}}}, "src\\patron.py": {"executed_lines": [1, 8, 9, 10, 14, 15, 28, 32, 33, 34, 35, 36, 37, 38, 39, 41, 47, 48, 49, 50, 51, 52, 53, 54, 56, 57, 61, 62, 63, 64, 65, 66, 67, 68, 70, 79, 81, 82, 83, 84, 94, 95, 96, 97, 98, 99, 100, 102, 106, 107, 109, 111, 113, 114, 115, 116, 117, 118, 119, 121, 122, 124, 125, 127, 128, 129, 130], "summary": {"covered_lines": 65, "num_statements": 65, "percent_covered": 100.0, "percent_covered_display": "100", "missing_lines": 0, "excluded_lines": 0, "num_branches": 22, "num_partial_branches": 0, "covered_branches": 22, "missing_branches": 0}, "missing_lines": [], "excluded_lines": [], "executed_branches": [[62, 63], [62, 68], [65, 62], [65, 66], [79, 81], [79, 83], [81, 79], [81, 82], [109, 111], [109, 113], [114, 115], [114, 116], [116, 117], [116, 118], [118, 119], [118, 121], [121, 122], [121, 124], [124, 125], [124, 127], [128, 129], [128, 130]], "missing_branches": [], "functions": {"Patron.__init__": {"executed_lines": [32, 33, 34, 35, 36, 37, 38, 39], "summary": {"covered_lines": 8, "num_statements": 8, "percent_covered": 100.0, "percent_covered_display": "100", "missing_lines": 0, "excluded_lines": 0, "num_branches": 0, "num_partial_branches": 0, "covered_branches": 0, "missing_branches": 0}, "missing_lines": [], "excluded_lines": [], "executed_branches": [], "missing_branches": []}, "Patron.load_data": {"executed_lines": [47, 48, 49, 50, 51, 52, 53, 54], "summary": {"covered_lines": 8, "num_statements": 8, "percent_covered": 100.0, "percent_covered_display": "100", "missing_lines": 0, "excluded_lines": 0, "num_branches": 0, "num_partial_branches": 0, "covered_branches": 0, "missing_branches": 0}, "missing_lines": [], "excluded_lines": [], "executed_branches": [], "missing_branches": []}, "Patron.load_loans": {"executed_lines": [61, 62, 63, 64, 65, 66, 67, 68], "summary": {"covered_lines": 8, "num_statements": 8, "percent_covered": 100.0, "percent_covered_display": "100", "missing_lines": 0, "excluded_lines": 0, "num_branches": 4, "num_partial_branches": 0, "covered_branches": 4, "missing_branches": 0}, "missing_lines": [], "excluded_lines": [], "executed_branches": [[62, 63], [62, 68], [65, 62], [65, 66]], "missing_branches": []}, "Patron.find_loan": {"executed_lines": [79, 81, 82, 83], "summary": {"covered_lines": 4, "num_statements": 4, "percent_covered": 100.0, "percent_covered_display": "100", "missing_lines": 0, "excluded_lines": 0, "num_branches": 4, "num_partial_branches": 0, "covered_branches": 4, "missing_branches": 0}, "missing_lines": [], "excluded_lines": [], "executed_branches": [[79, 81], [79, 83], [81, 79], [81, 82]], "missing_branches": []}, "Patron.set_new_patron_data": {"executed_lines": [94, 95, 96, 97, 98, 99, 100], "summary": {"covered_lines": 7, "num_statements": 7, "percent_covered": 100.0, "percent_covered_display": "100", "missing_lines": 0, "excluded_lines": 0, "num_branches": 0, "num_partial_branches": 0, "covered_branches": 0, "missing_branches": 0}, "missing_lines": [], "excluded_lines": [], "executed_branches": [], "missing_branches": []}, "Patron.__str__": {"executed_lines": [106, 107, 109, 111, 113, 114, 115, 116, 117, 118, 119, 121, 122, 124, 125, 127, 128, 129, 130], "summary": {"covered_lines": 19, "num_statements": 19, "percent_covered": 100.0, "percent_covered_display": "100", "missing_lines": 0, "excluded_lines": 0, "num_branches": 14, "num_partial_branches": 0, "covered_branches": 14, "missing_branches": 0}, "missing_lines": [], "excluded_lines": [], "executed_branches": [[109, 111], [109, 113], [114, 115], [114, 116], [116, 117], [116, 118], [118, 119], [118, 121], [121, 122], [121, 124], [124, 125], [124, 127], [128, 129], [128, 130]], "missing_branches": []}, "": {"executed_lines": [1, 8, 9, 10, 14, 15, 28, 41, 56, 57, 70, 84, 102], "summary": {"covered_lines": 11, "num_statements": 11, "percent_covered": 100.0, "percent_covered_display": "100", "missing_lines": 0, "excluded_lines": 0, "num_branches": 0, "num_partial_branches": 0, "covered_branches": 0, "missing_branches": 0}, "missing_lines": [], "excluded_lines": [], "executed_branches": [], "missing_branches": []}}, "classes": {"Patron": {"executed_lines": [32, 33, 34, 35, 36, 37, 38, 39, 47, 48, 49, 50, 51, 52, 53, 54, 61, 62, 63, 64, 65, 66, 67, 68, 79, 81, 82, 83, 94, 95, 96, 97, 98, 99, 100, 106, 107, 109, 111, 113, 114, 115, 116, 117, 118, 119, 121, 122, 124, 125, 127, 128, 129, 130], "summary": {"covered_lines": 54, "num_statements": 54, "percent_covered": 100.0, "percent_covered_display": "100", "missing_lines": 0, "excluded_lines": 0, "num_branches": 22, "num_partial_branches": 0, "covered_branches": 22, "missing_branches": 0}, "missing_lines": [], "excluded_lines": [], "executed_branches": [[62, 63], [62, 68], [65, 62], [65, 66], [79, 81], [79, 83], [81, 79], [81, 82], [109, 111], [109, 113], [114, 115], [114, 116], [116, 117], [116, 118], [118, 119], [118, 121], [121, 122], [121, 124], [124, 125], [124, 127], [128, 129], [128, 130]], "missing_branches": []}, "": {"executed_lines": [1, 8, 9, 10, 14, 15, 28, 41, 56, 57, 70, 84, 102], "summary": {"covered_lines": 11, "num_statements": 11, "percent_covered": 100.0, "percent_covered_display": "100", "missing_lines": 0, "excluded_lines": 0, "num_branches": 0, "num_partial_branches": 0, "covered_branches": 0, "missing_branches": 0}, "missing_lines": [], "excluded_lines": [], "executed_branches": [], "missing_branches": []}}}, "src\\search.py": {"executed_lines": [2, 9, 21, 23, 24, 25, 27, 30, 41, 43, 44, 45, 47, 50, 63, 64, 65, 67, 70, 80, 82, 83, 84, 86], "summary": {"covered_lines": 23, "num_statements": 23, "percent_covered": 100.0, "percent_covered_display": "100", "missing_lines": 0, "excluded_lines": 0, "num_branches": 16, "num_partial_branches": 0, "covered_branches": 16, "missing_branches": 0}, "missing_lines": [], "excluded_lines": [], "executed_branches": [[23, 24], [23, 27], [24, 23], [24, 25], [43, 44], [43, 47], [44, 43], [44, 45], [63, 64], [63, 67], [64, 63], [64, 65], [82, 83], [82, 86], [83, 82], [83, 84]], "missing_branches": [], "functions": {"find_patron_by_name": {"executed_lines": [21, 23, 24, 25, 27], "summary": {"covered_lines": 5, "num_statements": 5, "percent_covered": 100.0, "percent_covered_display": "100", "missing_lines": 0, "excluded_lines": 0, "num_branches": 4, "num_partial_branches": 0, "covered_branches": 4, "missing_branches": 0}, "missing_lines": [], "excluded_lines": [], "executed_branches": [[23, 24], [23, 27], [24, 23], [24, 25]], "missing_branches": []}, "find_patron_by_age": {"executed_lines": [41, 43, 44, 45, 47], "summary": {"covered_lines": 5, "num_statements": 5, "percent_covered": 100.0, "percent_covered_display": "100", "missing_lines": 0, "excluded_lines": 0, "num_branches": 4, "num_partial_branches": 0, "covered_branches": 4, "missing_branches": 0}, "missing_lines": [], "excluded_lines": [], "executed_branches": [[43, 44], [43, 47], [44, 43], [44, 45]], "missing_branches": []}, "find_patron_by_name_and_age": {"executed_lines": [63, 64, 65, 67], "summary": {"covered_lines": 4, "num_statements": 4, "percent_covered": 100.0, "percent_covered_display": "100", "missing_lines": 0, "excluded_lines": 0, "num_branches": 4, "num_partial_branches": 0, "covered_branches": 4, "missing_branches": 0}, "missing_lines": [], "excluded_lines": [], "executed_branches": [[63, 64], [63, 67], [64, 63], [64, 65]], "missing_branches": []}, "find_item_by_id": {"executed_lines": [80, 82, 83, 84, 86], "summary": {"covered_lines": 5, "num_statements": 5, "percent_covered": 100.0, "percent_covered_display": "100", "missing_lines": 0, "excluded_lines": 0, "num_branches": 4, "num_partial_branches": 0, "covered_branches": 4, "missing_branches": 0}, "missing_lines": [], "excluded_lines": [], "executed_branches": [[82, 83], [82, 86], [83, 82], [83, 84]], "missing_branches": []}, "": {"executed_lines": [2, 9, 30, 50, 70], "summary": {"covered_lines": 4, "num_statements": 4, "percent_covered": 100.0, "percent_covered_display": "100", "missing_lines": 0, "excluded_lines": 0, "num_branches": 0, "num_partial_branches": 0, "covered_branches": 0, "missing_branches": 0}, "missing_lines": [], "excluded_lines": [], "executed_branches": [], "missing_branches": []}}, "classes": {"": {"executed_lines": [2, 9, 21, 23, 24, 25, 27, 30, 41, 43, 44, 45, 47, 50, 63, 64, 65, 67, 70, 80, 82, 83, 84, 86], "summary": {"covered_lines": 23, "num_statements": 23, "percent_covered": 100.0, "percent_covered_display": "100", "missing_lines": 0, "excluded_lines": 0, "num_branches": 16, "num_partial_branches": 0, "covered_branches": 16, "missing_branches": 0}, "missing_lines": [], "excluded_lines": [], "executed_branches": [[23, 24], [23, 27], [24, 23], [24, 25], [43, 44], [43, 47], [44, 43], [44, 45], [63, 64], [63, 67], [64, 63], [64, 65], [82, 83], [82, 86], [83, 82], [83, 84]], "missing_branches": []}}}, "src\\user_input.py": {"executed_lines": [1, 9, 13, 14, 15, 16, 17, 20, 24, 25, 26, 27, 28, 31, 35, 38, 42, 43, 44, 45, 46, 49, 53, 54, 55, 56, 57, 60, 64, 65, 66, 67, 68, 71, 75, 76, 77, 78, 79, 82, 86, 87, 88, 89, 90], "summary": {"covered_lines": 44, "num_statements": 44, "percent_covered": 100.0, "percent_covered_display": "100", "missing_lines": 0, "excluded_lines": 0, "num_branches": 10, "num_partial_branches": 0, "covered_branches": 10, "missing_branches": 0}, "missing_lines": [], "excluded_lines": [], "executed_branches": [[43, 44], [43, 46], [54, 55], [54, 57], [65, 66], [65, 68], [76, 77], [76, 79], [87, 88], [87, 90]], "missing_branches": [], "functions": {"is_int": {"executed_lines": [13, 14, 15, 16, 17], "summary": {"covered_lines": 5, "num_statements": 5, "percent_covered": 100.0, "percent_covered_display": "100", "missing_lines": 0, "excluded_lines": 0, "num_branches": 0, "num_partial_branches": 0, "covered_branches": 0, "missing_branches": 0}, "missing_lines": [], "excluded_lines": [], "executed_branches": [], "missing_branches": []}, "is_float": {"executed_lines": [24, 25, 26, 27, 28], "summary": {"covered_lines": 5, "num_statements": 5, "percent_covered": 100.0, "percent_covered_display": "100", "missing_lines": 0, "excluded_lines": 0, "num_branches": 0, "num_partial_branches": 0, "covered_branches": 0, "missing_branches": 0}, "missing_lines": [], "excluded_lines": [], "executed_branches": [], "missing_branches": []}, "read_string": {"executed_lines": [35], "summary": {"covered_lines": 1, "num_statements": 1, "percent_covered": 100.0, "percent_covered_display": "100", "missing_lines": 0, "excluded_lines": 0, "num_branches": 0, "num_partial_branches": 0, "covered_branches": 0, "missing_branches": 0}, "missing_lines": [], "excluded_lines": [], "executed_branches": [], "missing_branches": []}, "read_integer": {"executed_lines": [42, 43, 44, 45, 46], "summary": {"covered_lines": 5, "num_statements": 5, "percent_covered": 100.0, "percent_covered_display": "100", "missing_lines": 0, "excluded_lines": 0, "num_branches": 2, "num_partial_branches": 0, "covered_branches": 2, "missing_branches": 0}, "missing_lines": [], "excluded_lines": [], "executed_branches": [[43, 44], [43, 46]], "missing_branches": []}, "read_float": {"executed_lines": [53, 54, 55, 56, 57], "summary": {"covered_lines": 5, "num_statements": 5, "percent_covered": 100.0, "percent_covered_display": "100", "missing_lines": 0, "excluded_lines": 0, "num_branches": 2, "num_partial_branches": 0, "covered_branches": 2, "missing_branches": 0}, "missing_lines": [], "excluded_lines": [], "executed_branches": [[54, 55], [54, 57]], "missing_branches": []}, "read_integer_range": {"executed_lines": [64, 65, 66, 67, 68], "summary": {"covered_lines": 5, "num_statements": 5, "percent_covered": 100.0, "percent_covered_display": "100", "missing_lines": 0, "excluded_lines": 0, "num_branches": 2, "num_partial_branches": 0, "covered_branches": 2, "missing_branches": 0}, "missing_lines": [], "excluded_lines": [], "executed_branches": [[65, 66], [65, 68]], "missing_branches": []}, "read_float_range": {"executed_lines": [75, 76, 77, 78, 79], "summary": {"covered_lines": 5, "num_statements": 5, "percent_covered": 100.0, "percent_covered_display": "100", "missing_lines": 0, "excluded_lines": 0, "num_branches": 2, "num_partial_branches": 0, "covered_branches": 2, "missing_branches": 0}, "missing_lines": [], "excluded_lines": [], "executed_branches": [[76, 77], [76, 79]], "missing_branches": []}, "read_bool": {"executed_lines": [86, 87, 88, 89, 90], "summary": {"covered_lines": 5, "num_statements": 5, "percent_covered": 100.0, "percent_covered_display": "100", "missing_lines": 0, "excluded_lines": 0, "num_branches": 2, "num_partial_branches": 0, "covered_branches": 2, "missing_branches": 0}, "missing_lines": [], "excluded_lines": [], "executed_branches": [[87, 88], [87, 90]], "missing_branches": []}, "": {"executed_lines": [1, 9, 20, 31, 38, 49, 60, 71, 82], "summary": {"covered_lines": 8, "num_statements": 8, "percent_covered": 100.0, "percent_covered_display": "100", "missing_lines": 0, "excluded_lines": 0, "num_branches": 0, "num_partial_branches": 0, "covered_branches": 0, "missing_branches": 0}, "missing_lines": [], "excluded_lines": [], "executed_branches": [], "missing_branches": []}}, "classes": {"": {"executed_lines": [1, 9, 13, 14, 15, 16, 17, 20, 24, 25, 26, 27, 28, 31, 35, 38, 42, 43, 44, 45, 46, 49, 53, 54, 55, 56, 57, 60, 64, 65, 66, 67, 68, 71, 75, 76, 77, 78, 79, 82, 86, 87, 88, 89, 90], "summary": {"covered_lines": 44, "num_statements": 44, "percent_covered": 100.0, "percent_covered_display": "100", "missing_lines": 0, "excluded_lines": 0, "num_branches": 10, "num_partial_branches": 0, "covered_branches": 10, "missing_branches": 0}, "missing_lines": [], "excluded_lines": [], "executed_branches": [[43, 44], [43, 46], [54, 55], [54, 57], [65, 66], [65, 68], [76, 77], [76, 79], [87, 88], [87, 90]], "missing_branches": []}}}}, "totals": {"covered_lines": 328, "num_statements": 417, "percent_covered": 79.20433996383363, "percent_covered_display": "79", "missing_lines": 89, "excluded_lines": 0, "num_branches": 136, "num_partial_branches": 6, "covered_branches": 110, "missing_branches": 26}}